<?xml version="1.0" encoding="UTF-8"?>
<!-- Generated by org.testng.reporters.JUnitXMLReporter -->
<testsuite ignored="0" hostname="Pappu" failures="0" tests="5" name="Default test" time="4.798" errors="0" timestamp="2024-07-25T21:14:22 CDT">
  <testcase classname="com.apitest.ExampleAPI" name="testAPI" time="2.582"/>
  <testcase classname="com.apitest.ExampleAPI" name="testPost" time="1.006"/>
  <testcase classname="com.apitest.ExampleAPI" name="testGetPetByID" time="0.26"/>
  <testcase classname="com.apitest.ExampleAPI" name="testPut" time="0.247"/>
  <testcase classname="com.apitest.ExampleAPI" name="testDelete" time="0.227"/>
</testsuite> <!-- Default test -->
