<?xml version="1.0" encoding="UTF-8"?>
<!-- Generated by org.testng.reporters.JUnitXMLReporter -->
<testsuite ignored="0" hostname="Pappu" failures="0" tests="3" name="Chrome" time="8.227" errors="0" timestamp="2024-07-25T13:53:38 CDT">
  <testcase classname="com.test.Checkbox" name="testCheckBox" time="0.972"/>
  <testcase classname="com.test.DragAndDrop" name="dragAndDropBy" time="1.457"/>
  <testcase classname="com.test.DragAndDrop" name="testDragAndDrop" time="1.199"/>
</testsuite> <!-- Chrome -->
