<?xml version="1.0" encoding="UTF-8"?>
<!-- Generated by org.testng.reporters.JUnitXMLReporter -->
<testsuite ignored="0" hostname="Pappu" failures="0" tests="3" name="Edge" time="11.066" errors="0" timestamp="2024-07-25T13:54:05 CDT">
  <testcase classname="com.test.Checkbox" name="testCheckBox" time="1.126"/>
  <testcase classname="com.test.DragAndDrop" name="dragAndDropBy" time="2.449"/>
  <testcase classname="com.test.DragAndDrop" name="testDragAndDrop" time="2.461"/>
</testsuite> <!-- Edge -->
