<?xml version="1.0" encoding="UTF-8"?>
<!-- Generated by org.testng.reporters.JUnitXMLReporter -->
<testsuite ignored="0" hostname="Pappu" failures="0" tests="3" name="Firefox" time="16.14" errors="0" timestamp="2024-07-25T13:53:54 CDT">
  <testcase classname="com.test.Checkbox" name="testCheckBox" time="1.485"/>
  <testcase classname="com.test.DragAndDrop" name="dragAndDropBy" time="2.547"/>
  <testcase classname="com.test.DragAndDrop" name="testDragAndDrop" time="2.052"/>
</testsuite> <!-- Firefox -->
