<?xml version="1.0" encoding="UTF-8"?>
<testng-results ignored="0" total="5" passed="5" failed="0" skipped="0">
  <reporter-output>
  </reporter-output>
  <suite started-at="2024-07-25T21:14:17 CDT" name="Default suite" finished-at="2024-07-25T21:14:22 CDT" duration-ms="4798">
    <groups>
    </groups>
    <test started-at="2024-07-25T21:14:17 CDT" name="Default test" finished-at="2024-07-25T21:14:22 CDT" duration-ms="4798">
      <class name="com.apitest.ExampleAPI">
        <test-method is-config="true" signature="setup()[pri:0, instance:com.apitest.ExampleAPI@6dd7b5a3]" started-at="2024-07-25T21:14:17 CDT" name="setup" finished-at="2024-07-25T21:14:18 CDT" duration-ms="416" status="PASS">
          <reporter-output>
          </reporter-output>
        </test-method> <!-- setup -->
        <test-method signature="testAPI()[pri:0, instance:com.apitest.ExampleAPI@6dd7b5a3]" started-at="2024-07-25T21:14:18 CDT" name="testAPI" finished-at="2024-07-25T21:14:20 CDT" duration-ms="2582" status="PASS">
          <reporter-output>
          </reporter-output>
        </test-method> <!-- testAPI -->
        <test-method signature="testPost()[pri:0, instance:com.apitest.ExampleAPI@6dd7b5a3]" started-at="2024-07-25T21:14:20 CDT" name="testPost" finished-at="2024-07-25T21:14:21 CDT" duration-ms="1006" status="PASS">
          <reporter-output>
          </reporter-output>
        </test-method> <!-- testPost -->
        <test-method signature="testGetPetByID()[pri:0, instance:com.apitest.ExampleAPI@6dd7b5a3]" started-at="2024-07-25T21:14:21 CDT" name="testGetPetByID" finished-at="2024-07-25T21:14:22 CDT" depends-on-methods="com.apitest.ExampleAPI.testPost" duration-ms="260" status="PASS">
          <reporter-output>
          </reporter-output>
        </test-method> <!-- testGetPetByID -->
        <test-method signature="testPut()[pri:0, instance:com.apitest.ExampleAPI@6dd7b5a3]" started-at="2024-07-25T21:14:22 CDT" name="testPut" finished-at="2024-07-25T21:14:22 CDT" depends-on-methods="com.apitest.ExampleAPI.testPost" duration-ms="247" status="PASS">
          <reporter-output>
          </reporter-output>
        </test-method> <!-- testPut -->
        <test-method signature="testDelete()[pri:0, instance:com.apitest.ExampleAPI@6dd7b5a3]" started-at="2024-07-25T21:14:22 CDT" name="testDelete" finished-at="2024-07-25T21:14:22 CDT" depends-on-methods="com.apitest.ExampleAPI.testGetPetByID, com.apitest.ExampleAPI.testPut" duration-ms="227" status="PASS">
          <reporter-output>
          </reporter-output>
        </test-method> <!-- testDelete -->
      </class> <!-- com.apitest.ExampleAPI -->
    </test> <!-- Default test -->
  </suite> <!-- Default suite -->
</testng-results>
